<?xml version="1.0" encoding="UTF-8"?>
<testng-results ignored="0" total="1" passed="1" failed="0" skipped="0">
  <reporter-output>
  </reporter-output>
  <suite started-at="2022-06-02T15:37:17 IST" name="Default suite" finished-at="2022-06-02T15:37:19 IST" duration-ms="1320">
    <groups>
    </groups>
    <test started-at="2022-06-02T15:37:17 IST" name="Default test" finished-at="2022-06-02T15:37:19 IST" duration-ms="1320">
      <class name="endtoend.scenarios.rmgyantra.CreateProjectandVerifyInDataBaseTest">
        <test-method is-config="true" signature="bsConfig()[pri:0, instance:endtoend.scenarios.rmgyantra.CreateProjectandVerifyInDataBaseTest@169e6180]" started-at="2022-06-02T15:37:17 IST" name="bsConfig" finished-at="2022-06-02T15:37:17 IST" duration-ms="597" status="PASS">
          <reporter-output>
          </reporter-output>
        </test-method> <!-- bsConfig -->
        <test-method signature="createProject()[pri:0, instance:endtoend.scenarios.rmgyantra.CreateProjectandVerifyInDataBaseTest@169e6180]" started-at="2022-06-02T15:37:17 IST" name="createProject" finished-at="2022-06-02T15:37:19 IST" duration-ms="1300" status="PASS">
          <reporter-output>
          </reporter-output>
        </test-method> <!-- createProject -->
        <test-method is-config="true" signature="asConfig()[pri:0, instance:endtoend.scenarios.rmgyantra.CreateProjectandVerifyInDataBaseTest@169e6180]" started-at="2022-06-02T15:37:19 IST" name="asConfig" finished-at="2022-06-02T15:37:19 IST" duration-ms="5" status="PASS">
          <reporter-output>
          </reporter-output>
        </test-method> <!-- asConfig -->
      </class> <!-- endtoend.scenarios.rmgyantra.CreateProjectandVerifyInDataBaseTest -->
    </test> <!-- Default test -->
  </suite> <!-- Default suite -->
</testng-results>
