<?xml version="1.0" encoding="UTF-8"?>
<testng-results ignored="0" total="1" passed="1" failed="0" skipped="0">
  <reporter-output>
  </reporter-output>
  <suite started-at="2022-10-21T17:28:32 IST" name="Default suite" finished-at="2022-10-21T17:28:48 IST" duration-ms="15488">
    <groups>
    </groups>
    <test started-at="2022-10-21T17:28:32 IST" name="Default test" finished-at="2022-10-21T17:28:48 IST" duration-ms="15488">
      <class name="practice.WriteDataToExcel">
        <test-method signature="writeData()[pri:0, instance:practice.WriteDataToExcel@201a4587]" started-at="2022-10-21T17:28:32 IST" name="writeData" finished-at="2022-10-21T17:28:48 IST" duration-ms="15459" status="PASS">
          <reporter-output>
          </reporter-output>
        </test-method> <!-- writeData -->
      </class> <!-- practice.WriteDataToExcel -->
    </test> <!-- Default test -->
  </suite> <!-- Default suite -->
</testng-results>
